0 info it worked if it ends with ok
1 verbose cli [ '/home/ubuntu/.nvm/versions/node/v4.4.5/bin/node',
1 verbose cli   '/home/ubuntu/.nvm/versions/node/v4.4.5/bin/npm',
1 verbose cli   'install' ]
2 info using npm@2.15.5
3 info using node@v4.4.5
4 verbose readDependencies loading dependencies from /home/ubuntu/workspace/package.json
5 verbose install where, deps [ '/home/ubuntu/workspace',
5 verbose install   [ 'dotenv',
5 verbose install     'express',
5 verbose install     'express-session',
5 verbose install     'mongoose',
5 verbose install     'mongo',
5 verbose install     'passport',
5 verbose install     'passport-github',
5 verbose install     'path',
5 verbose install     'serve-favicon',
5 verbose install     'morgan',
5 verbose install     'express-validator',
5 verbose install     'cookie-parser',
5 verbose install     'body-parser',
5 verbose install     'multer',
5 verbose install     'connect-flash',
5 verbose install     'jade' ] ]
6 verbose install where, peers [ '/home/ubuntu/workspace', [] ]
7 verbose installManyTop reading for lifecycle /home/ubuntu/workspace/package.json
8 info preinstall clementinejs-fcc@1.0.1
9 verbose installManyTop reading scoped package data from /home/ubuntu/workspace/node_modules/body-parser/package.json
10 verbose installManyTop reading scoped package data from /home/ubuntu/workspace/node_modules/connect-flash/package.json
11 verbose installManyTop reading scoped package data from /home/ubuntu/workspace/node_modules/cookie-parser/package.json
12 verbose installManyTop reading scoped package data from /home/ubuntu/workspace/node_modules/dotenv/package.json
13 verbose installManyTop reading scoped package data from /home/ubuntu/workspace/node_modules/express/package.json
14 verbose installManyTop reading scoped package data from /home/ubuntu/workspace/node_modules/express-session/package.json
15 verbose installManyTop reading scoped package data from /home/ubuntu/workspace/node_modules/express-validator/package.json
16 verbose installManyTop reading scoped package data from /home/ubuntu/workspace/node_modules/jade/package.json
17 verbose installManyTop reading scoped package data from /home/ubuntu/workspace/node_modules/mongo/package.json
18 verbose installManyTop reading scoped package data from /home/ubuntu/workspace/node_modules/mongoose/package.json
19 verbose installManyTop reading scoped package data from /home/ubuntu/workspace/node_modules/morgan/package.json
20 verbose installManyTop reading scoped package data from /home/ubuntu/workspace/node_modules/multer/package.json
21 verbose installManyTop reading scoped package data from /home/ubuntu/workspace/node_modules/passport/package.json
22 verbose installManyTop reading scoped package data from /home/ubuntu/workspace/node_modules/passport-github/package.json
23 verbose installManyTop reading scoped package data from /home/ubuntu/workspace/node_modules/path/package.json
24 verbose installManyTop reading scoped package data from /home/ubuntu/workspace/node_modules/serve-favicon/package.json
25 info package.json mongo@0.1.0 No repository field.
26 info package.json mongo@0.1.0 No README data
27 info package.json mongo@0.1.0 No license field.
28 info package.json passport@0.3.2 No README data
29 info package.json connect-flash@0.1.1 No license field.
30 info package.json path@0.12.7 path is also the name of a node core module.
31 verbose readDependencies loading dependencies from /home/ubuntu/workspace/package.json
32 verbose targetResolver reading package data from /home/ubuntu/workspace/node_modules/body-parser/package.json
33 verbose targetResolver reading package data from /home/ubuntu/workspace/node_modules/connect-flash/package.json
34 verbose targetResolver reading package data from /home/ubuntu/workspace/node_modules/cookie-parser/package.json
35 verbose targetResolver reading package data from /home/ubuntu/workspace/node_modules/dotenv/package.json
36 verbose targetResolver reading package data from /home/ubuntu/workspace/node_modules/express/package.json
37 verbose targetResolver reading package data from /home/ubuntu/workspace/node_modules/express-session/package.json
38 verbose targetResolver reading package data from /home/ubuntu/workspace/node_modules/express-validator/package.json
39 verbose targetResolver reading package data from /home/ubuntu/workspace/node_modules/jade/package.json
40 verbose targetResolver reading package data from /home/ubuntu/workspace/node_modules/mongo/package.json
41 verbose targetResolver reading package data from /home/ubuntu/workspace/node_modules/mongoose/package.json
42 verbose targetResolver reading package data from /home/ubuntu/workspace/node_modules/morgan/package.json
43 verbose targetResolver reading package data from /home/ubuntu/workspace/node_modules/multer/package.json
44 verbose targetResolver reading package data from /home/ubuntu/workspace/node_modules/passport/package.json
45 verbose targetResolver reading package data from /home/ubuntu/workspace/node_modules/passport-github/package.json
46 verbose targetResolver reading package data from /home/ubuntu/workspace/node_modules/path/package.json
47 verbose targetResolver reading package data from /home/ubuntu/workspace/node_modules/serve-favicon/package.json
48 verbose targetResolver reading package data from /home/ubuntu/workspace/node_modules/.bin/jade/package.json
49 verbose already installed skipping connect-flash@* /home/ubuntu/workspace
50 verbose already installed skipping jade@* /home/ubuntu/workspace
51 verbose already installed skipping dotenv@^1.2.0 /home/ubuntu/workspace
52 verbose already installed skipping express@^4.12.4 /home/ubuntu/workspace
53 verbose already installed skipping express-session@^1.11.3 /home/ubuntu/workspace
54 verbose already installed skipping mongoose@^4.1.0 /home/ubuntu/workspace
55 silly cache add args [ 'mongo@3.0.x', null ]
56 verbose cache add spec mongo@3.0.x
57 silly cache add parsed spec Result {
57 silly cache add   raw: 'mongo@3.0.x',
57 silly cache add   scope: null,
57 silly cache add   name: 'mongo',
57 silly cache add   rawSpec: '3.0.x',
57 silly cache add   spec: '>=3.0.0 <3.1.0',
57 silly cache add   type: 'range' }
58 silly addNamed mongo@>=3.0.0 <3.1.0
59 verbose addNamed ">=3.0.0 <3.1.0" is a valid semver range for mongo
60 silly addNameRange { name: 'mongo', range: '>=3.0.0 <3.1.0', hasData: false }
61 silly mapToRegistry name mongo
62 silly mapToRegistry using default registry
63 silly mapToRegistry registry https://registry.npmjs.org/
64 silly mapToRegistry data Result {
64 silly mapToRegistry   raw: 'mongo',
64 silly mapToRegistry   scope: null,
64 silly mapToRegistry   name: 'mongo',
64 silly mapToRegistry   rawSpec: '',
64 silly mapToRegistry   spec: 'latest',
64 silly mapToRegistry   type: 'tag' }
65 silly mapToRegistry uri https://registry.npmjs.org/mongo
66 verbose addNameRange registry:https://registry.npmjs.org/mongo not in flight; fetching
67 verbose already installed skipping passport@^0.3.0 /home/ubuntu/workspace
68 verbose already installed skipping passport-github@^1.0.0 /home/ubuntu/workspace
69 verbose request uri https://registry.npmjs.org/mongo
70 verbose request no auth needed
71 info attempt registry request try #1 at 7:38:38 PM
72 verbose request id 38963598b8d20664
73 verbose etag "1EQVR9CFY1SGI9GEIPEDXVKNF"
74 http request GET https://registry.npmjs.org/mongo
75 verbose already installed skipping path@* /home/ubuntu/workspace
76 verbose already installed skipping serve-favicon@* /home/ubuntu/workspace
77 verbose already installed skipping morgan@* /home/ubuntu/workspace
78 verbose already installed skipping express-validator@* /home/ubuntu/workspace
79 verbose already installed skipping cookie-parser@* /home/ubuntu/workspace
80 verbose already installed skipping body-parser@* /home/ubuntu/workspace
81 verbose already installed skipping multer@* /home/ubuntu/workspace
82 http 304 https://registry.npmjs.org/mongo
83 verbose headers { date: 'Sat, 30 Jul 2016 19:38:38 GMT',
83 verbose headers   via: '1.1 varnish',
83 verbose headers   'cache-control': 'max-age=300',
83 verbose headers   etag: '"1EQVR9CFY1SGI9GEIPEDXVKNF"',
83 verbose headers   age: '71',
83 verbose headers   connection: 'keep-alive',
83 verbose headers   'x-served-by': 'cache-hkg6820-HKG',
83 verbose headers   'x-cache': 'HIT',
83 verbose headers   'x-cache-hits': '3',
83 verbose headers   'x-timer': 'S1469907518.717438,VS0,VE0',
83 verbose headers   vary: 'Accept-Encoding' }
84 silly get cb [ 304,
84 silly get   { date: 'Sat, 30 Jul 2016 19:38:38 GMT',
84 silly get     via: '1.1 varnish',
84 silly get     'cache-control': 'max-age=300',
84 silly get     etag: '"1EQVR9CFY1SGI9GEIPEDXVKNF"',
84 silly get     age: '71',
84 silly get     connection: 'keep-alive',
84 silly get     'x-served-by': 'cache-hkg6820-HKG',
84 silly get     'x-cache': 'HIT',
84 silly get     'x-cache-hits': '3',
84 silly get     'x-timer': 'S1469907518.717438,VS0,VE0',
84 silly get     vary: 'Accept-Encoding' } ]
85 verbose etag https://registry.npmjs.org/mongo from cache
86 verbose get saving mongo to /home/ubuntu/.npm/registry.npmjs.org/mongo/.cache.json
87 verbose correctMkdir /home/ubuntu/.npm correctMkdir not in flight; initializing
88 silly addNameRange number 2 { name: 'mongo', range: '>=3.0.0 <3.1.0', hasData: true }
89 silly addNameRange versions [ 'mongo', [ '0.1.0' ] ]
90 verbose stack Error: No compatible version found: mongo@'>=3.0.0 <3.1.0'
90 verbose stack Valid install targets:
90 verbose stack ["0.1.0"]
90 verbose stack
90 verbose stack     at installTargetsError (/home/ubuntu/.nvm/versions/node/v4.4.5/lib/node_modules/npm/lib/cache/add-named.js:284:12)
90 verbose stack     at next (/home/ubuntu/.nvm/versions/node/v4.4.5/lib/node_modules/npm/lib/cache/add-named.js:262:19)
90 verbose stack     at setData (/home/ubuntu/.nvm/versions/node/v4.4.5/lib/node_modules/npm/lib/cache/add-named.js:236:5)
90 verbose stack     at RES (/home/ubuntu/.nvm/versions/node/v4.4.5/lib/node_modules/npm/node_modules/inflight/inflight.js:23:14)
90 verbose stack     at f (/home/ubuntu/.nvm/versions/node/v4.4.5/lib/node_modules/npm/node_modules/once/once.js:17:25)
90 verbose stack     at fixName (/home/ubuntu/.nvm/versions/node/v4.4.5/lib/node_modules/npm/lib/cache/add-named.js:29:5)
90 verbose stack     at saved (/home/ubuntu/.nvm/versions/node/v4.4.5/lib/node_modules/npm/lib/cache/caching-client.js:173:7)
90 verbose stack     at /home/ubuntu/.nvm/versions/node/v4.4.5/lib/node_modules/npm/node_modules/graceful-fs/polyfills.js:210:7
90 verbose stack     at FSReqWrap.oncomplete (fs.js:82:15)
91 verbose cwd /home/ubuntu/workspace
92 error Linux 4.2.0-c9
93 error argv "/home/ubuntu/.nvm/versions/node/v4.4.5/bin/node" "/home/ubuntu/.nvm/versions/node/v4.4.5/bin/npm" "install"
94 error node v4.4.5
95 error npm  v2.15.5
96 error code ETARGET
97 error notarget No compatible version found: mongo@'>=3.0.0 <3.1.0'
97 error notarget Valid install targets:
97 error notarget ["0.1.0"]
97 error notarget
97 error notarget This is most likely not a problem with npm itself.
97 error notarget In most cases you or one of your dependencies are requesting
97 error notarget a package version that doesn't exist.
97 error notarget
97 error notarget It was specified as a dependency of 'clementinejs-fcc'
98 verbose exit [ 1, true ]
